<?xml version="1.0" encoding="UTF-8"?>
<!-- Generated by org.testng.reporters.JUnitReportReporter -->
<testsuite hostname="ACLA036P2850" name="org.testing.TestScripts.TC7" tests="1" failures="0" timestamp="14 Sep 2020 05:19:14 GMT" time="68.873" errors="0">
  <testcase name="YtVideoLike" time="68.873" classname="org.testing.TestScripts.TC7"/>
</testsuite> <!-- org.testing.TestScripts.TC7 -->
