<?xml version="1.0" encoding="UTF-8"?>
<!-- Generated by org.testng.reporters.JUnitReportReporter -->
<testsuite hostname="ACLA036P2850" name="org.testing.TestScripts.TC9" tests="1" failures="0" timestamp="14 Sep 2020 05:19:14 GMT" time="76.843" errors="0">
  <testcase name="YtComment" time="76.843" classname="org.testing.TestScripts.TC9"/>
</testsuite> <!-- org.testing.TestScripts.TC9 -->
