<?xml version="1.0" encoding="UTF-8"?>
<!-- Generated by org.testng.reporters.JUnitReportReporter -->
<testsuite hostname="ACLA036P2850" name="org.testing.TestScripts.TC2" tests="1" failures="0" timestamp="14 Sep 2020 05:19:14 GMT" time="45.339" errors="0">
  <testcase name="YTLogin" time="45.339" classname="org.testing.TestScripts.TC2"/>
</testsuite> <!-- org.testing.TestScripts.TC2 -->
