<?xml version="1.0" encoding="UTF-8"?>
<!-- Generated by org.testng.reporters.JUnitReportReporter -->
<testsuite hostname="ACLA036P2850" name="org.testing.TestScripts.TC8" tests="1" failures="0" timestamp="14 Sep 2020 05:19:14 GMT" time="50.564" errors="0">
  <testcase name="YtSubscribe" time="50.564" classname="org.testing.TestScripts.TC8"/>
</testsuite> <!-- org.testing.TestScripts.TC8 -->
