<?xml version="1.0" encoding="UTF-8"?>
<!-- Generated by org.testng.reporters.JUnitReportReporter -->
<testsuite hostname="ACLA036P2850" name="org.testing.TestScripts.TC5" tests="1" failures="0" timestamp="14 Sep 2020 05:19:14 GMT" time="52.425" errors="0">
  <testcase name="YTLoginWatchlater" time="52.425" classname="org.testing.TestScripts.TC5"/>
</testsuite> <!-- org.testing.TestScripts.TC5 -->
