<?xml version="1.0" encoding="UTF-8"?>
<!-- Generated by org.testng.reporters.JUnitReportReporter -->
<testsuite hostname="ACLA036P2850" name="org.testing.TestScripts.TC1" tests="1" failures="0" timestamp="7 Oct 2020 17:22:44 GMT" time="60.136" errors="0">
  <testcase name="YTLogin" time="60.136" classname="org.testing.TestScripts.TC1"/>
</testsuite> <!-- org.testing.TestScripts.TC1 -->
