<?xml version="1.0" encoding="UTF-8"?>
<!-- Generated by org.testng.reporters.JUnitReportReporter -->
<testsuite hostname="ACLA036P2850" name="org.testing.TestScripts.TC6" tests="1" failures="0" timestamp="14 Sep 2020 05:19:14 GMT" time="60.526" errors="0">
  <testcase name="YourVideos" time="60.526" classname="org.testing.TestScripts.TC6"/>
</testsuite> <!-- org.testing.TestScripts.TC6 -->
